
GET / 2022-10-10_02:55:03
GET /favicon.ico 2022-10-10_02:55:04
GET / 2022-10-10_02:56:41
GET / 2022-10-10_02:57:08
GET / 2022-10-10_02:57:23
GET / 2022-10-10_02:58:06
GET / 2022-10-10_02:58:25
GET /contacts 2022-10-10_02:59:46
GET /contacts 2022-10-10_02:59:51
GET / 2022-10-10_03:04:16
POST / 2022-10-10_03:04:41
GET /contacts 2022-10-10_06:24:00
GET /contacts 2022-10-10_07:03:34
GET /contacts 2022-10-10_07:21:59
GET /contacts 2022-10-11_11:40:48
GET /favicon.ico 2022-10-11_11:40:49
GET /contacts 2022-10-11_11:41:46
GET / 2022-10-11_11:42:26
GET /contacts 2022-10-11_11:43:36
GET /contacts 2022-10-11_11:45:22
GET /contacts 2022-10-11_11:47:50
GET / 2022-10-11_11:48:06
GET / 2022-10-11_11:49:10
GET / 2022-10-11_11:50:38
GET / 2022-10-11_11:54:39
GET /api/ 2022-10-12_12:04:00
POST /api/contacts/14 2022-10-12_06:17:35
GET /favicon.ico 2022-10-12_06:52:23
PUT /api/contacts 2022-10-12_09:10:03
PUT /api/contacts 2022-10-12_09:28:14
POST /api/contacts/2 2022-10-12_09:46:54
POST /api/contacts/1 2022-10-12_09:48:33
POST /api/contacts/2 2022-10-12_09:48:38
GET /api/contacts/634b24e9041e64f5b50b4b46 2022-10-19_09:06:32
PUT /api/contacts/635037d207bd0b7a485f46fd 2022-10-19_09:16:10
PATCH /api/contacts/634b24e9041e64f5b50b4b4b 2022-10-19_09:45:25
PATCH /api/contacts/634b24e9041e64f5b50b4b4b/ 2022-10-19_09:45:52
GET /api/auth 2022-10-22_08:31:20
GET /api/auth/ 2022-10-22_08:31:30
GET /api/user/current 2022-10-27_07:41:51
GET /api/user/current 2022-10-27_07:42:29
GET /api/user/current 2022-10-27_07:46:08
POST /api/auth/logout 2022-10-28_08:27:53
POST /api/auth/logout 2022-10-28_08:28:49
GET /api/auth/subscrip 2022-10-28_09:27:32
POST /api/auth/subscrip 2022-10-28_09:27:41
GET /api/auth/subscrip 2022-10-28_10:02:30
GET /api/auth/subscrip 2022-10-28_10:04:03
GET /api/auth/subscrip 2022-10-28_10:04:08
GET /api/auth/subscrip 2022-10-28_10:05:27
PATCH /api/auth/subscrip/635c0dbbd82a3c1c226bde3a 2022-10-28_10:17:10
GET /api/auth/avatars 2022-11-01_10:35:17
GET /api/auth/avatars 2022-11-01_10:35:54
GET /api/auth/avatars 2022-11-01_10:39:31